<?xml version="1.0" encoding="UTF-8"?>
<!-- Generated by org.testng.reporters.JUnitReportReporter -->
<testsuite hostname="Akshays-MacBook-Air.local" failures="0" tests="1" name="com.naukri.testscript.TestRunner" time="8.693" errors="0" timestamp="2023-11-16T23:55:44 IST" skipped="0">
  <testcase classname="com.naukri.testscript.TestRunner" name="runScenario" time="8.693"/>
</testsuite> <!-- com.naukri.testscript.TestRunner -->
