<?xml version="1.0" encoding="UTF-8"?>
<!-- Generated by org.testng.reporters.JUnitReportReporter -->
<testsuite hostname="DESKTOP-4KD6TVS" failures="0" tests="1" name="com.naukri.testscript.TestRunner" time="11.945" errors="0" timestamp="2023-11-25T00:45:12 IST" skipped="0">
  <testcase classname="com.naukri.testscript.TestRunner" name="runScenario" time="11.945"/>
</testsuite> <!-- com.naukri.testscript.TestRunner -->
