<?xml version="1.0" encoding="UTF-8"?>
<!-- Generated by org.testng.reporters.JUnitReportReporter -->
<testsuite hostname="DESKTOP-4KD6TVS" failures="0" tests="1" name="com.naukri.testscript.TestRunner" time="15.983" errors="0" timestamp="2023-11-25T18:14:18 IST" skipped="0">
  <testcase classname="com.naukri.testscript.TestRunner" name="runScenario" time="15.983"/>
</testsuite> <!-- com.naukri.testscript.TestRunner -->
